{"/Users/fbrucker/Documents/sous_git/cours_informatique/docs/src/cours/web/projet-numérologie/partie-5-maintenance/numérologie/app.js": {"path":"/Users/fbrucker/Documents/sous_git/cours_informatique/docs/src/cours/web/projet-numérologie/partie-5-maintenance/numérologie/app.js","statementMap":{"0":{"start":{"line":4,"column":19},"end":{"line":4,"column":49}},"1":{"start":{"line":5,"column":18},"end":{"line":5,"column":42}},"2":{"start":{"line":9,"column":12},"end":{"line":9,"column":21}},"3":{"start":{"line":15,"column":0},"end":{"line":18,"column":2}},"4":{"start":{"line":16,"column":4},"end":{"line":16,"column":24}},"5":{"start":{"line":17,"column":4},"end":{"line":17,"column":11}},"6":{"start":{"line":20,"column":0},"end":{"line":20,"column":67}},"7":{"start":{"line":22,"column":0},"end":{"line":24,"column":2}},"8":{"start":{"line":23,"column":4},"end":{"line":23,"column":43}},"9":{"start":{"line":26,"column":0},"end":{"line":26,"column":20}},"10":{"start":{"line":28,"column":0},"end":{"line":36,"column":2}},"11":{"start":{"line":29,"column":4},"end":{"line":29,"column":48}},"12":{"start":{"line":31,"column":4},"end":{"line":31,"column":25}},"13":{"start":{"line":32,"column":4},"end":{"line":32,"column":47}},"14":{"start":{"line":34,"column":4},"end":{"line":34,"column":116}}},"fnMap":{"0":{"name":"(anonymous_0)","decl":{"start":{"line":15,"column":8},"end":{"line":15,"column":9}},"loc":{"start":{"line":15,"column":34},"end":{"line":18,"column":1}},"line":15},"1":{"name":"(anonymous_1)","decl":{"start":{"line":22,"column":13},"end":{"line":22,"column":14}},"loc":{"start":{"line":22,"column":27},"end":{"line":24,"column":1}},"line":22},"2":{"name":"(anonymous_2)","decl":{"start":{"line":28,"column":8},"end":{"line":28,"column":9}},"loc":{"start":{"line":28,"column":28},"end":{"line":36,"column":1}},"line":28}},"branchMap":{},"s":{"0":2,"1":2,"2":2,"3":2,"4":3,"5":3,"6":2,"7":2,"8":1,"9":2,"10":2,"11":1,"12":1,"13":1,"14":1},"f":{"0":3,"1":1,"2":1},"b":{},"_coverageSchema":"1a1c01bbd47fc00a2c39e90264f33305004495a9","hash":"f720933e81bfb0523c5baa2310dd0b63c60c1f30"}
,"/Users/fbrucker/Documents/sous_git/cours_informatique/docs/src/cours/web/projet-numérologie/partie-5-maintenance/numérologie/db.js": {"path":"/Users/fbrucker/Documents/sous_git/cours_informatique/docs/src/cours/web/projet-numérologie/partie-5-maintenance/numérologie/db.js","statementMap":{"0":{"start":{"line":6,"column":19},"end":{"line":6,"column":49}},"1":{"start":{"line":7,"column":18},"end":{"line":7,"column":42}},"2":{"start":{"line":11,"column":10},"end":{"line":11,"column":47}},"3":{"start":{"line":15,"column":0},"end":{"line":19,"column":1}},"4":{"start":{"line":16,"column":2},"end":{"line":16,"column":22}},"5":{"start":{"line":18,"column":2},"end":{"line":18,"column":45}},"6":{"start":{"line":20,"column":18},"end":{"line":24,"column":2}},"7":{"start":{"line":23,"column":20},"end":{"line":23,"column":36}}},"fnMap":{"0":{"name":"(anonymous_0)","decl":{"start":{"line":23,"column":11},"end":{"line":23,"column":12}},"loc":{"start":{"line":23,"column":20},"end":{"line":23,"column":36}},"line":23}},"branchMap":{"0":{"loc":{"start":{"line":11,"column":10},"end":{"line":11,"column":47}},"type":"binary-expr","locations":[{"start":{"line":11,"column":10},"end":{"line":11,"column":30}},{"start":{"line":11,"column":34},"end":{"line":11,"column":47}}],"line":11},"1":{"loc":{"start":{"line":15,"column":0},"end":{"line":19,"column":1}},"type":"if","locations":[{"start":{"line":15,"column":0},"end":{"line":19,"column":1}},{"start":{"line":17,"column":7},"end":{"line":19,"column":1}}],"line":15}},"s":{"0":2,"1":2,"2":2,"3":2,"4":2,"5":0,"6":2,"7":16},"f":{"0":16},"b":{"0":[2,0],"1":[2,0]},"_coverageSchema":"1a1c01bbd47fc00a2c39e90264f33305004495a9","hash":"c1ceeb674ed2a7e37389bcb86dcef554c4ba58e0"}
,"/Users/fbrucker/Documents/sous_git/cours_informatique/docs/src/cours/web/projet-numérologie/partie-5-maintenance/numérologie/logger.js": {"path":"/Users/fbrucker/Documents/sous_git/cours_informatique/docs/src/cours/web/projet-numérologie/partie-5-maintenance/numérologie/logger.js","statementMap":{"0":{"start":{"line":3,"column":10},"end":{"line":3,"column":47}},"1":{"start":{"line":7,"column":0},"end":{"line":23,"column":1}},"2":{"start":{"line":8,"column":2},"end":{"line":10,"column":4}},"3":{"start":{"line":12,"column":2},"end":{"line":22,"column":5}},"4":{"start":{"line":25,"column":22},"end":{"line":25,"column":35}}},"fnMap":{},"branchMap":{"0":{"loc":{"start":{"line":3,"column":10},"end":{"line":3,"column":47}},"type":"binary-expr","locations":[{"start":{"line":3,"column":10},"end":{"line":3,"column":30}},{"start":{"line":3,"column":34},"end":{"line":3,"column":47}}],"line":3},"1":{"loc":{"start":{"line":7,"column":0},"end":{"line":23,"column":1}},"type":"if","locations":[{"start":{"line":7,"column":0},"end":{"line":23,"column":1}},{"start":{"line":11,"column":7},"end":{"line":23,"column":1}}],"line":7}},"s":{"0":2,"1":2,"2":2,"3":0,"4":2},"f":{},"b":{"0":[2,0],"1":[2,0]},"_coverageSchema":"1a1c01bbd47fc00a2c39e90264f33305004495a9","hash":"4870ff4d3d2f4927d77c228543ebf6d75249eaa9"}
,"/Users/fbrucker/Documents/sous_git/cours_informatique/docs/src/cours/web/projet-numérologie/partie-5-maintenance/numérologie/back/numérologie.js": {"path":"/Users/fbrucker/Documents/sous_git/cours_informatique/docs/src/cours/web/projet-numérologie/partie-5-maintenance/numérologie/back/numérologie.js","statementMap":{"0":{"start":{"line":3,"column":16},"end":{"line":3,"column":17}},"1":{"start":{"line":4,"column":4},"end":{"line":6,"column":5}},"2":{"start":{"line":4,"column":15},"end":{"line":4,"column":16}},"3":{"start":{"line":5,"column":8},"end":{"line":5,"column":37}},"4":{"start":{"line":7,"column":4},"end":{"line":7,"column":16}},"5":{"start":{"line":11,"column":16},"end":{"line":11,"column":17}},"6":{"start":{"line":12,"column":17},"end":{"line":12,"column":31}},"7":{"start":{"line":13,"column":4},"end":{"line":15,"column":5}},"8":{"start":{"line":13,"column":15},"end":{"line":13,"column":16}},"9":{"start":{"line":14,"column":8},"end":{"line":14,"column":43}},"10":{"start":{"line":16,"column":4},"end":{"line":16,"column":16}},"11":{"start":{"line":20,"column":17},"end":{"line":20,"column":31}},"12":{"start":{"line":22,"column":4},"end":{"line":24,"column":5}},"13":{"start":{"line":23,"column":8},"end":{"line":23,"column":30}},"14":{"start":{"line":25,"column":4},"end":{"line":25,"column":17}}},"fnMap":{"0":{"name":"nombre","decl":{"start":{"line":1,"column":9},"end":{"line":1,"column":15}},"loc":{"start":{"line":1,"column":24},"end":{"line":8,"column":1}},"line":1},"1":{"name":"somme","decl":{"start":{"line":10,"column":9},"end":{"line":10,"column":14}},"loc":{"start":{"line":10,"column":23},"end":{"line":17,"column":1}},"line":10},"2":{"name":"chiffreAssocie","decl":{"start":{"line":19,"column":9},"end":{"line":19,"column":23}},"loc":{"start":{"line":19,"column":32},"end":{"line":26,"column":1}},"line":19}},"branchMap":{},"s":{"0":2,"1":2,"2":2,"3":7,"4":2,"5":3,"6":3,"7":3,"8":3,"9":7,"10":3,"11":1,"12":1,"13":2,"14":1},"f":{"0":2,"1":3,"2":1},"b":{},"_coverageSchema":"1a1c01bbd47fc00a2c39e90264f33305004495a9","hash":"e8a22dfc04b963390bc837e2f33c5605d836986a"}
,"/Users/fbrucker/Documents/sous_git/cours_informatique/docs/src/cours/web/projet-numérologie/partie-5-maintenance/numérologie/modèles/prénoms.js": {"path":"/Users/fbrucker/Documents/sous_git/cours_informatique/docs/src/cours/web/projet-numérologie/partie-5-maintenance/numérologie/modèles/prénoms.js","statementMap":{"0":{"start":{"line":5,"column":4},"end":{"line":12,"column":7}}},"fnMap":{"0":{"name":"(anonymous_0)","decl":{"start":{"line":3,"column":15},"end":{"line":3,"column":16}},"loc":{"start":{"line":3,"column":30},"end":{"line":14,"column":1}},"line":3}},"branchMap":{},"s":{"0":2},"f":{"0":2},"b":{},"_coverageSchema":"1a1c01bbd47fc00a2c39e90264f33305004495a9","hash":"e705aed1015a33f053d4f961a3bca9a74c164281"}
,"/Users/fbrucker/Documents/sous_git/cours_informatique/docs/src/cours/web/projet-numérologie/partie-5-maintenance/numérologie/modèles/signification.js": {"path":"/Users/fbrucker/Documents/sous_git/cours_informatique/docs/src/cours/web/projet-numérologie/partie-5-maintenance/numérologie/modèles/signification.js","statementMap":{"0":{"start":{"line":5,"column":4},"end":{"line":16,"column":7}}},"fnMap":{"0":{"name":"(anonymous_0)","decl":{"start":{"line":3,"column":15},"end":{"line":3,"column":16}},"loc":{"start":{"line":3,"column":30},"end":{"line":18,"column":1}},"line":3}},"branchMap":{},"s":{"0":2},"f":{"0":2},"b":{},"_coverageSchema":"1a1c01bbd47fc00a2c39e90264f33305004495a9","hash":"a6dfdf5f4c5d9026448890fe85e0365407b31574"}
,"/Users/fbrucker/Documents/sous_git/cours_informatique/docs/src/cours/web/projet-numérologie/partie-5-maintenance/numérologie/routes/index.js": {"path":"/Users/fbrucker/Documents/sous_git/cours_informatique/docs/src/cours/web/projet-numérologie/partie-5-maintenance/numérologie/routes/index.js","statementMap":{"0":{"start":{"line":8,"column":13},"end":{"line":8,"column":29}},"1":{"start":{"line":10,"column":0},"end":{"line":36,"column":2}},"2":{"start":{"line":11,"column":17},"end":{"line":11,"column":36}},"3":{"start":{"line":12,"column":18},"end":{"line":12,"column":45}},"4":{"start":{"line":13,"column":4},"end":{"line":23,"column":6}},"5":{"start":{"line":18,"column":8},"end":{"line":22,"column":9}},"6":{"start":{"line":19,"column":12},"end":{"line":21,"column":14}},"7":{"start":{"line":25,"column":4},"end":{"line":35,"column":6}},"8":{"start":{"line":30,"column":8},"end":{"line":34,"column":10}},"9":{"start":{"line":38,"column":0},"end":{"line":38,"column":29}}},"fnMap":{"0":{"name":"(anonymous_0)","decl":{"start":{"line":10,"column":33},"end":{"line":10,"column":34}},"loc":{"start":{"line":10,"column":47},"end":{"line":36,"column":1}},"line":10},"1":{"name":"(anonymous_1)","decl":{"start":{"line":17,"column":12},"end":{"line":17,"column":13}},"loc":{"start":{"line":17,"column":22},"end":{"line":23,"column":5}},"line":17},"2":{"name":"(anonymous_2)","decl":{"start":{"line":29,"column":12},"end":{"line":29,"column":13}},"loc":{"start":{"line":29,"column":22},"end":{"line":35,"column":5}},"line":29}},"branchMap":{"0":{"loc":{"start":{"line":18,"column":8},"end":{"line":22,"column":9}},"type":"if","locations":[{"start":{"line":18,"column":8},"end":{"line":22,"column":9}},{"start":{},"end":{}}],"line":18}},"s":{"0":2,"1":2,"2":1,"3":1,"4":1,"5":1,"6":0,"7":1,"8":1,"9":2},"f":{"0":1,"1":1,"2":1},"b":{"0":[0,1]},"_coverageSchema":"1a1c01bbd47fc00a2c39e90264f33305004495a9","hash":"4f1998173512aa4b39ecd1f26cceb1973e84ed52"}
,"/Users/fbrucker/Documents/sous_git/cours_informatique/docs/src/cours/web/projet-numérologie/partie-5-maintenance/numérologie/routes/api/index.js": {"path":"/Users/fbrucker/Documents/sous_git/cours_informatique/docs/src/cours/web/projet-numérologie/partie-5-maintenance/numérologie/routes/api/index.js","statementMap":{"0":{"start":{"line":6,"column":13},"end":{"line":6,"column":29}},"1":{"start":{"line":8,"column":0},"end":{"line":20,"column":2}},"2":{"start":{"line":9,"column":4},"end":{"line":19,"column":10}},"3":{"start":{"line":11,"column":24},"end":{"line":11,"column":26}},"4":{"start":{"line":12,"column":12},"end":{"line":17,"column":13}},"5":{"start":{"line":13,"column":16},"end":{"line":16,"column":18}},"6":{"start":{"line":18,"column":12},"end":{"line":18,"column":27}}},"fnMap":{"0":{"name":"(anonymous_0)","decl":{"start":{"line":8,"column":39},"end":{"line":8,"column":40}},"loc":{"start":{"line":8,"column":53},"end":{"line":20,"column":1}},"line":8},"1":{"name":"(anonymous_1)","decl":{"start":{"line":10,"column":14},"end":{"line":10,"column":15}},"loc":{"start":{"line":10,"column":24},"end":{"line":19,"column":9}},"line":10}},"branchMap":{},"s":{"0":2,"1":2,"2":0,"3":0,"4":0,"5":0,"6":0},"f":{"0":0,"1":0},"b":{},"_coverageSchema":"1a1c01bbd47fc00a2c39e90264f33305004495a9","hash":"34c81a7eeaf5f8c5b06e9a5c777c3c420061ddc0"}
}
