TN:
SF:app.js
FN:15,(anonymous_0)
FN:22,(anonymous_1)
FN:28,(anonymous_2)
FNF:3
FNH:3
FNDA:3,(anonymous_0)
FNDA:1,(anonymous_1)
FNDA:1,(anonymous_2)
DA:4,2
DA:5,2
DA:9,2
DA:15,2
DA:16,3
DA:17,3
DA:20,2
DA:22,2
DA:23,1
DA:26,2
DA:28,2
DA:29,1
DA:31,1
DA:32,1
DA:34,1
LF:15
LH:15
BRF:0
BRH:0
end_of_record
TN:
SF:db.js
FN:23,(anonymous_0)
FNF:1
FNH:1
FNDA:16,(anonymous_0)
DA:6,2
DA:7,2
DA:11,2
DA:15,2
DA:16,2
DA:18,0
DA:20,2
DA:23,16
LF:8
LH:7
BRDA:11,0,0,2
BRDA:11,0,1,0
BRDA:15,1,0,2
BRDA:15,1,1,0
BRF:4
BRH:2
end_of_record
TN:
SF:logger.js
FNF:0
FNH:0
DA:3,2
DA:7,2
DA:8,2
DA:12,0
DA:25,2
LF:5
LH:4
BRDA:3,0,0,2
BRDA:3,0,1,0
BRDA:7,1,0,2
BRDA:7,1,1,0
BRF:4
BRH:2
end_of_record
TN:
SF:back/numérologie.js
FN:1,nombre
FN:10,somme
FN:19,chiffreAssocie
FNF:3
FNH:3
FNDA:2,nombre
FNDA:3,somme
FNDA:1,chiffreAssocie
DA:3,2
DA:4,2
DA:5,7
DA:7,2
DA:11,3
DA:12,3
DA:13,3
DA:14,7
DA:16,3
DA:20,1
DA:22,1
DA:23,2
DA:25,1
LF:13
LH:13
BRF:0
BRH:0
end_of_record
TN:
SF:modèles/prénoms.js
FN:3,(anonymous_0)
FNF:1
FNH:1
FNDA:2,(anonymous_0)
DA:5,2
LF:1
LH:1
BRF:0
BRH:0
end_of_record
TN:
SF:modèles/signification.js
FN:3,(anonymous_0)
FNF:1
FNH:1
FNDA:2,(anonymous_0)
DA:5,2
LF:1
LH:1
BRF:0
BRH:0
end_of_record
TN:
SF:routes/index.js
FN:10,(anonymous_0)
FN:17,(anonymous_1)
FN:29,(anonymous_2)
FNF:3
FNH:3
FNDA:1,(anonymous_0)
FNDA:1,(anonymous_1)
FNDA:1,(anonymous_2)
DA:8,2
DA:10,2
DA:11,1
DA:12,1
DA:13,1
DA:18,1
DA:19,0
DA:25,1
DA:30,1
DA:38,2
LF:10
LH:9
BRDA:18,0,0,0
BRDA:18,0,1,1
BRF:2
BRH:1
end_of_record
TN:
SF:routes/api/index.js
FN:8,(anonymous_0)
FN:10,(anonymous_1)
FNF:2
FNH:0
FNDA:0,(anonymous_0)
FNDA:0,(anonymous_1)
DA:6,2
DA:8,2
DA:9,0
DA:11,0
DA:12,0
DA:13,0
DA:18,0
LF:7
LH:2
BRF:0
BRH:0
end_of_record
